\BOOKMARK [0][-]{chapter.1}{\376\377\000O\000v\000e\000r\000v\000i\000e\000w}{}% 1
\BOOKMARK [0][-]{chapter.2}{\376\377\000C\000M\000C\000\040\000I\000n\000p\000a\000t\000i\000e\000n\000t}{}% 2
\BOOKMARK [0][-]{chapter.3}{\376\377\000P\000i\000n\000e\000v\000i\000l\000l\000e\000\040\000I\000n\000p\000a\000t\000i\000e\000n\000t}{}% 3
\BOOKMARK [0][-]{chapter.4}{\376\377\000R\000o\000u\000n\000d\000s}{}% 4
\BOOKMARK [0][-]{chapter.5}{\376\377\000P\000r\000o\000g\000r\000e\000s\000s\000\040\000N\000o\000t\000e\000s}{}% 5
\BOOKMARK [0][-]{chapter.6}{\376\377\000D\000i\000s\000c\000h\000a\000r\000g\000e\000s}{}% 6
\BOOKMARK [0][-]{chapter.7}{\376\377\000E\000d\000u\000c\000a\000t\000i\000o\000n}{}% 7
\BOOKMARK [0][-]{chapter.8}{\376\377\000C\000l\000i\000n\000i\000c}{}% 8
\BOOKMARK [0][-]{chapter.9}{\376\377\000P\000o\000s\000t\000o\000p\000\040\000C\000a\000r\000e\000\040\000a\000f\000t\000e\000r\000\040\000E\000s\000o\000p\000h\000a\000g\000e\000c\000t\000o\000m\000y}{}% 9
\BOOKMARK [-1][-]{part*.2}{\376\377\000P\000o\000s\000t\000o\000p\000e\000r\000a\000t\000i\000v\000e\000\040\000C\000a\000r\000e}{}% 10
\BOOKMARK [0][-]{chapter.10}{\376\377\000C\000o\000l\000e\000c\000t\000o\000m\000y}{part*.2}% 11
\BOOKMARK [0][-]{chapter.11}{\376\377\000L\000A\000R\000\040\000+\000\040\000I\000l\000e\000o\000s\000t\000o\000m\000y}{part*.2}% 12
\BOOKMARK [0][-]{chapter.12}{\376\377\000A\000b\000d\000o\000m\000i\000n\000o\000p\000e\000r\000i\000n\000e\000a\000l\000\040\000R\000e\000s\000e\000c\000t\000i\000o\000n}{part*.2}% 13
\BOOKMARK [0][-]{chapter.13}{\376\377\000E\000s\000o\000p\000h\000a\000g\000e\000c\000t\000o\000m\000y\000\040\000P\000o\000s\000t\000o\000p}{part*.2}% 14
\BOOKMARK [0][-]{chapter.14}{\376\377\000E\000s\000o\000p\000h\000a\000g\000e\000c\000t\000o\000m\000y\000\040\000W\000a\000r\000d}{part*.2}% 15
\BOOKMARK [0][-]{chapter.15}{\376\377\000J\000e\000j\000u\000n\000o\000s\000t\000o\000m\000y\000\040\000F\000e\000e\000d\000i\000n\000g\000s}{part*.2}% 16
\BOOKMARK [-1][-]{part*.3}{\376\377\000H\000i\000l\000l\000\040\000O\000R}{}% 17
\BOOKMARK [0][-]{chapter.16}{\376\377\000C\000o\000l\000o\000r\000e\000c\000t\000a\000l\000\040\000C\000a\000s\000e\000s\000\040\000-\000\040\000H\000i\000l\000l\000/\000S\000q\000u\000i\000r\000e\000s}{part*.3}% 18
\BOOKMARK [-1][-]{part*.4}{\376\377\000S\000a\000l\000o\000\040\000O\000R}{}% 19
\BOOKMARK [0][-]{chapter.17}{\376\377\000C\000V\000\040\000P\000o\000r\000t\000\040\000\050\000I\000J\000\051}{part*.4}% 20
\BOOKMARK [0][-]{chapter.18}{\376\377\000L\000a\000p\000\040\000J\000e\000j\000u\000n\000o\000s\000t\000o\000m\000y}{part*.4}% 21
\BOOKMARK [0][-]{chapter.19}{\376\377\000L\000a\000p\000\040\000G\000a\000s\000t\000r\000o\000s\000t\000o\000m\000y}{part*.4}% 22
\BOOKMARK [0][-]{chapter.20}{\376\377\000E\000s\000o\000p\000h\000a\000g\000e\000c\000t\000o\000m\000y\000\040\0001\000\040\000S\000t\000a\000g\000e}{part*.4}% 23
\BOOKMARK [-1][-]{part*.5}{\376\377\000E\000s\000o\000p\000h\000a\000g\000e\000a\000l\000\040\000C\000a\000n\000c\000e\000r}{}% 24
\BOOKMARK [0][-]{chapter.21}{\376\377\000E\000s\000o\000C\000a\000\040\000S\000C\000O\000R\000E\000\040\000-\000\040\000J\000R}{part*.5}% 25
\BOOKMARK [0][-]{chapter.22}{\376\377\000E\000s\000o\000C\000a\000\040\000O\000b\000j\000e\000c\000t\000i\000v\000e\000s\000\040\000-\000\040\000C\000h\000i\000e\000f}{part*.5}% 26
\BOOKMARK [0][-]{chapter.23}{\376\377\000E\000s\000o\000p\000h\000a\000g\000e\000a\000l\000\040\000O\000v\000e\000r\000v\000i\000e\000w}{part*.5}% 27
\BOOKMARK [0][-]{chapter.24}{\376\377\000S\000t\000a\000g\000i\000n\000g}{part*.5}% 28
\BOOKMARK [0][-]{chapter.25}{\376\377\000S\000u\000p\000e\000r\000f\000i\000c\000i\000a\000l\000\040\000E\000s\000o\000C\000a}{part*.5}% 29
\BOOKMARK [0][-]{chapter.26}{\376\377\000L\000o\000c\000a\000l\000i\000z\000e\000d\000\040\000E\000s\000o\000C\000a}{part*.5}% 30
\BOOKMARK [0][-]{chapter.27}{\376\377\000L\000o\000c\000a\000l\000l\000y\000\040\000A\000d\000v\000a\000n\000c\000e\000d\000\040\000E\000s\000o\000C\000a}{part*.5}% 31
\BOOKMARK [0][-]{chapter.28}{\376\377\000C\000h\000e\000m\000o\000r\000a\000d\000i\000a\000t\000i\000o\000n}{part*.5}% 32
\BOOKMARK [0][-]{chapter.29}{\376\377\000R\000a\000d\000i\000a\000t\000i\000o\000n}{part*.5}% 33
\BOOKMARK [0][-]{chapter.30}{\376\377\000E\000s\000o\000p\000h\000a\000g\000e\000c\000t\000o\000m\000y}{part*.5}% 34
\BOOKMARK [0][-]{chapter.31}{\376\377\000M\000e\000t\000a\000s\000t\000a\000t\000i\000c\000\040\000E\000s\000o\000C\000a}{part*.5}% 35
\BOOKMARK [0][-]{chapter.32}{\376\377\000S\000u\000r\000v\000i\000v\000o\000r\000s\000h\000i\000p}{part*.5}% 36
\BOOKMARK [-1][-]{part*.6}{\376\377\000G\000a\000s\000t\000r\000i\000c\000\040\000C\000a\000n\000c\000e\000r}{}% 37
\BOOKMARK [0][-]{chapter.33}{\376\377\000G\000a\000s\000t\000r\000i\000c\000\040\000C\000a\000\040\000S\000C\000O\000R\000E}{part*.6}% 38
\BOOKMARK [0][-]{chapter.34}{\376\377\000S\000u\000p\000e\000r\000f\000i\000c\000i\000a\000l\000\040\000G\000a\000s\000t\000r\000i\000c}{part*.6}% 39
\BOOKMARK [0][-]{chapter.35}{\376\377\000L\000o\000c\000a\000l\000l\000y\000-\000A\000d\000v\000a\000n\000c\000e\000d\000\040\000G\000a\000s\000t\000r\000i\000c}{part*.6}% 40
\BOOKMARK [0][-]{chapter.36}{\376\377\000H\000e\000r\000e\000d\000i\000t\000a\000r\000y\000\040\000D\000i\000f\000f\000u\000s\000e\000\040\000G\000a\000s\000t\000r\000i\000c\000\040\000C\000a\000n\000c\000e\000r}{part*.6}% 41
\BOOKMARK [0][-]{chapter.37}{\376\377\000G\000a\000s\000t\000r\000e\000c\000t\000o\000m\000y}{part*.6}% 42
\BOOKMARK [-1][-]{part*.7}{\376\377\000C\000o\000l\000o\000n\000\040\000C\000a\000n\000c\000e\000r}{}% 43
\BOOKMARK [0][-]{chapter.38}{\376\377\000C\000o\000l\000o\000n\000C\000a\000\040\000S\000C\000O\000R\000E}{part*.7}% 44
\BOOKMARK [0][-]{chapter.39}{\376\377\000P\000a\000r\000t\000i\000a\000l\000\040\000C\000o\000l\000e\000c\000t\000o\000m\000y\000\040\000S\000C\000O\000R\000E}{part*.7}% 45
\BOOKMARK [0][-]{chapter.40}{\376\377\000C\000o\000l\000o\000s\000t\000o\000m\000y\000\040\000S\000C\000O\000R\000E}{part*.7}% 46
\BOOKMARK [0][-]{chapter.41}{\376\377\000T\000o\000t\000a\000l\000\040\000C\000o\000l\000e\000c\000t\000o\000m\000y\000\040\000S\000C\000O\000R\000E}{part*.7}% 47
\BOOKMARK [0][-]{chapter.42}{\376\377\000S\000t\000a\000g\000e\000\040\000I\000V\000\040\000C\000o\000l\000o\000n\000\040\000C\000a\000n\000c\000e\000r}{part*.7}% 48
\BOOKMARK [0][-]{chapter.43}{\376\377\000C\000o\000l\000e\000c\000t\000o\000m\000y}{part*.7}% 49
\BOOKMARK [0][-]{chapter.44}{\376\377\000C\000h\000e\000m\000o\000t\000h\000e\000r\000a\000p\000y}{part*.7}% 50
\BOOKMARK [-1][-]{part*.8}{\376\377\000R\000e\000c\000t\000a\000l\000\040\000C\000a\000n\000c\000e\000r}{}% 51
\BOOKMARK [0][-]{chapter.45}{\376\377\000R\000e\000c\000t\000a\000l\000C\000a\000\040\000S\000C\000O\000R\000E}{part*.8}% 52
\BOOKMARK [0][-]{chapter.46}{\376\377\000O\000b\000j\000e\000c\000t\000i\000v\000e\000s\000\040\000-\000\040\000A\000P\000R\000/\000E\000x\000e\000n\000t}{part*.8}% 53
\BOOKMARK [0][-]{chapter.47}{\376\377\000R\000e\000c\000t\000a\000l\000\040\000C\000a\000n\000c\000e\000r\000\040\000S\000t\000a\000g\000i\000n\000g}{part*.8}% 54
\BOOKMARK [0][-]{chapter.48}{\376\377\000R\000e\000c\000t\000a\000l\000\040\000C\000a\000n\000c\000e\000r\000\040\000S\000u\000r\000g\000e\000r\000y}{part*.8}% 55
\BOOKMARK [0][-]{chapter.49}{\376\377\000R\000e\000c\000t\000a\000l\000\040\000A\000d\000j\000u\000v\000a\000n\000t\000\040\000T\000h\000e\000r\000a\000p\000y}{part*.8}% 56
\BOOKMARK [-1][-]{part*.9}{\376\377\000S\000a\000r\000c\000o\000m\000a}{}% 57
\BOOKMARK [0][-]{chapter.50}{\376\377\000S\000o\000f\000t\000\040\000T\000i\000s\000s\000u\000e\000\040\000S\000a\000r\000c\000o\000m\000a\000s}{part*.9}% 58
